-- Found ament_cmake: 1.3.12 (/opt/ros/humble/share/ament_cmake/cmake)
-- Found rclcpp: 16.0.14 (/opt/ros/humble/share/rclcpp/cmake)
-- Found rosidl_generator_c: 3.1.7 (/opt/ros/humble/share/rosidl_generator_c/cmake)
-- Found rosidl_adapter: 3.1.7 (/opt/ros/humble/share/rosidl_adapter/cmake)
-- Found rosidl_generator_cpp: 3.1.7 (/opt/ros/humble/share/rosidl_generator_cpp/cmake)
-- Using all available rosidl_typesupport_c: rosidl_typesupport_fastrtps_c;rosidl_typesupport_introspection_c
-- Using all available rosidl_typesupport_cpp: rosidl_typesupport_fastrtps_cpp;rosidl_typesupport_introspection_cpp
-- Found rmw_implementation_cmake: 6.1.2 (/opt/ros/humble/share/rmw_implementation_cmake/cmake)
-- Found rmw_fastrtps_cpp: 6.2.8 (/opt/ros/humble/share/rmw_fastrtps_cpp/cmake)
-- Using RMW implementation 'rmw_fastrtps_cpp' as default
-- Found serial: 1.2.1 (/home/nvidia/MotorcarV1.1_ws/install/serial/share/serial/cmake)
-- Found geometry_msgs: 4.9.0 (/opt/ros/humble/share/geometry_msgs/cmake)
-- Found sensor_msgs: 4.9.0 (/opt/ros/humble/share/sensor_msgs/cmake)
-- Found nav_msgs: 4.9.0 (/opt/ros/humble/share/nav_msgs/cmake)
-- Found tf2: 0.25.15 (/opt/ros/humble/share/tf2/cmake)
-- Found tf2_ros: 0.25.15 (/opt/ros/humble/share/tf2_ros/cmake)
-- Found tf2_geometry_msgs: 0.25.15 (/opt/ros/humble/share/tf2_geometry_msgs/cmake)
-- Found eigen3_cmake_module: 0.1.1 (/opt/ros/humble/share/eigen3_cmake_module/cmake)
-- Found Eigen3: TRUE (found version "3.4.0") 
-- Ensuring Eigen3 include directory is part of orocos-kdl CMake target
-- Configuring done
-- Generating done
-- Build files have been written to: /home/nvidia/MotorcarV1.1_ws/build/zlac8015d_serial
[35m[1mConsolidate compiler generated dependencies of target example[0m
[35m[1mConsolidate compiler generated dependencies of target zlac8015d[0m
[35m[1mConsolidate compiler generated dependencies of target Motorrcv[0m
[35m[1mConsolidate compiler generated dependencies of target SimpleControl[0m
[35m[1mConsolidate compiler generated dependencies of target Motorctl[0m
[ 15%] Built target zlac8015d
[ 38%] Built target example
[ 46%] [32mBuilding CXX object CMakeFiles/Motorrcv.dir/src/Motorrcv.cpp.o[0m
[ 69%] [32mBuilding CXX object CMakeFiles/Motorctl.dir/src/Motorctl.cpp.o[0m
[ 76%] Built target SimpleControl
[01m[K/home/nvidia/MotorcarV1.1_ws/src/ROS2_ZLAC8015D_serial/src/Motorrcv.cpp:[m[K In constructor â€˜[01m[KMotorreceiv::Motorreceiv()[m[Kâ€™:
[01m[K/home/nvidia/MotorcarV1.1_ws/src/ROS2_ZLAC8015D_serial/src/Motorrcv.cpp:34:5:[m[K [01;31m[Kerror: [m[Kâ€˜[01m[Ktf_broad_[m[Kâ€™ was not declared in this scope
   34 |     [01;31m[Ktf_broad_[m[K = std::make_unique<tf2_ros::TransformBroadcaster>(this);
      |     [01;31m[K^~~~~~~~~[m[K
In file included from [01m[K/opt/ros/humble/include/rclcpp/rclcpp/logging.hpp:24[m[K,
                 from [01m[K/opt/ros/humble/include/rclcpp/rclcpp/client.hpp:40[m[K,
                 from [01m[K/opt/ros/humble/include/rclcpp/rclcpp/callback_group.hpp:24[m[K,
                 from [01m[K/opt/ros/humble/include/rclcpp/rclcpp/any_executable.hpp:20[m[K,
                 from [01m[K/opt/ros/humble/include/rclcpp/rclcpp/memory_strategy.hpp:25[m[K,
                 from [01m[K/opt/ros/humble/include/rclcpp/rclcpp/memory_strategies.hpp:18[m[K,
                 from [01m[K/opt/ros/humble/include/rclcpp/rclcpp/executor_options.hpp:20[m[K,
                 from [01m[K/opt/ros/humble/include/rclcpp/rclcpp/executor.hpp:37[m[K,
                 from [01m[K/opt/ros/humble/include/rclcpp/rclcpp/executors/multi_threaded_executor.hpp:25[m[K,
                 from [01m[K/opt/ros/humble/include/rclcpp/rclcpp/executors.hpp:21[m[K,
                 from [01m[K/opt/ros/humble/include/rclcpp/rclcpp/rclcpp.hpp:155[m[K,
                 from [01m[K/home/nvidia/MotorcarV1.1_ws/src/ROS2_ZLAC8015D_serial/src/Motorrcv.cpp:6[m[K:
[01m[K/home/nvidia/MotorcarV1.1_ws/src/ROS2_ZLAC8015D_serial/src/Motorrcv.cpp:[m[K In member function â€˜[01m[Kvoid Motorreceiv::ZLACreceiv()[m[Kâ€™:
[01m[K/home/nvidia/MotorcarV1.1_ws/src/ROS2_ZLAC8015D_serial/src/Motorrcv.cpp:228:90:[m[K [01;31m[Kerror: [m[Kâ€˜[01m[Kpath_longFL[m[Kâ€™ was not declared in this scope
  228 |     RCLCPP_INFO(this->get_logger(),"Distance FL=%.3f m, RL=%.3f m, FR=%.3f m, RR=%.3f m",[01;31m[Kpath_longFL[m[K, path_longFR, path_longRL, path_longRR);
      |                                                                                          [01;31m[K^~~~~~~~~~~[m[K
[01m[K/home/nvidia/MotorcarV1.1_ws/src/ROS2_ZLAC8015D_serial/src/Motorrcv.cpp:228:103:[m[K [01;31m[Kerror: [m[Kâ€˜[01m[Kpath_longFR[m[Kâ€™ was not declared in this scope
  228 |     RCLCPP_INFO(this->get_logger(),"Distance FL=%.3f m, RL=%.3f m, FR=%.3f m, RR=%.3f m",path_longFL, [01;31m[Kpath_longFR[m[K, path_longRL, path_longRR);
      |                                                                                                       [01;31m[K^~~~~~~~~~~[m[K
[01m[K/home/nvidia/MotorcarV1.1_ws/src/ROS2_ZLAC8015D_serial/src/Motorrcv.cpp:228:116:[m[K [01;31m[Kerror: [m[Kâ€˜[01m[Kpath_longRL[m[Kâ€™ was not declared in this scope
  228 |     RCLCPP_INFO(this->get_logger(),"Distance FL=%.3f m, RL=%.3f m, FR=%.3f m, RR=%.3f m",path_longFL, path_longFR, [01;31m[Kpath_longRL[m[K, path_longRR);
      |                                                                                                                    [01;31m[K^~~~~~~~~~~[m[K
[01m[K/home/nvidia/MotorcarV1.1_ws/src/ROS2_ZLAC8015D_serial/src/Motorrcv.cpp:228:129:[m[K [01;31m[Kerror: [m[Kâ€˜[01m[Kpath_longRR[m[Kâ€™ was not declared in this scope
  228 |     RCLCPP_INFO(this->get_logger(),"Distance FL=%.3f m, RL=%.3f m, FR=%.3f m, RR=%.3f m",path_longFL, path_longFR, path_longRL, [01;31m[Kpath_longRR[m[K);
      |                                                                                                                                 [01;31m[K^~~~~~~~~~~[m[K
[01m[K/home/nvidia/MotorcarV1.1_ws/src/ROS2_ZLAC8015D_serial/src/Motorrcv.cpp:287:14:[m[K [01;31m[Kerror: [m[Kâ€˜[01m[Kodom[m[Kâ€™ was not declared in this scope; did you mean â€˜[01m[Kmodom[m[Kâ€™?
  287 |   auto &Pc = [01;31m[Kodom[m[K.pose.covariance;
      |              [01;31m[K^~~~[m[K
      |              [32m[Kmodom[m[K
In file included from [01m[K/opt/ros/humble/include/rclcpp/rclcpp/logging.hpp:24[m[K,
                 from [01m[K/opt/ros/humble/include/rclcpp/rclcpp/client.hpp:40[m[K,
                 from [01m[K/opt/ros/humble/include/rclcpp/rclcpp/callback_group.hpp:24[m[K,
                 from [01m[K/opt/ros/humble/include/rclcpp/rclcpp/any_executable.hpp:20[m[K,
                 from [01m[K/opt/ros/humble/include/rclcpp/rclcpp/memory_strategy.hpp:25[m[K,
                 from [01m[K/opt/ros/humble/include/rclcpp/rclcpp/memory_strategies.hpp:18[m[K,
                 from [01m[K/opt/ros/humble/include/rclcpp/rclcpp/executor_options.hpp:20[m[K,
                 from [01m[K/opt/ros/humble/include/rclcpp/rclcpp/executor.hpp:37[m[K,
                 from [01m[K/opt/ros/humble/include/rclcpp/rclcpp/executors/multi_threaded_executor.hpp:25[m[K,
                 from [01m[K/opt/ros/humble/include/rclcpp/rclcpp/executors.hpp:21[m[K,
                 from [01m[K/opt/ros/humble/include/rclcpp/rclcpp/rclcpp.hpp:155[m[K,
                 from [01m[K/home/nvidia/MotorcarV1.1_ws/src/ROS2_ZLAC8015D_serial/src/Motorrcv.cpp:6[m[K:
[01m[K/home/nvidia/MotorcarV1.1_ws/src/ROS2_ZLAC8015D_serial/src/Motorrcv.cpp:319:15:[m[K [01;31m[Kerror: [m[Kâ€˜[01m[Kv[m[Kâ€™ was not declared in this scope
  319 |               [01;31m[Kv[m[K, wz, x_AMR, y_AMR, theta_AMR);
      |               [01;31m[K^[m[K
[01m[K/home/nvidia/MotorcarV1.1_ws/src/ROS2_ZLAC8015D_serial/src/Motorrcv.cpp:319:18:[m[K [01;31m[Kerror: [m[Kâ€˜[01m[Kwz[m[Kâ€™ was not declared in this scope
  319 |               v, [01;31m[Kwz[m[K, x_AMR, y_AMR, theta_AMR);
      |                  [01;31m[K^~[m[K
gmake[2]: *** [CMakeFiles/Motorrcv.dir/build.make:76: CMakeFiles/Motorrcv.dir/src/Motorrcv.cpp.o] Error 1
gmake[1]: *** [CMakeFiles/Makefile2:223: CMakeFiles/Motorrcv.dir/all] Error 2
gmake[1]: *** Waiting for unfinished jobs....
[ 84%] [32m[1mLinking CXX executable Motorctl[0m
[ 92%] Built target Motorctl
gmake: *** [Makefile:146: all] Error 2
