[35m[1mConsolidate compiler generated dependencies of target zlac8015d[0m
[35m[1mConsolidate compiler generated dependencies of target example[0m
[35m[1mConsolidate compiler generated dependencies of target SimpleControl[0m
[35m[1mConsolidate compiler generated dependencies of target Motorctl[0m
[ 15%] Built target zlac8015d
[ 46%] Built target example
[ 53%] Built target Motorrcv
[ 69%] [32mBuilding CXX object CMakeFiles/Motorctl.dir/src/Motorctl.cpp.o[0m
[ 84%] Built target SimpleControl
[01m[K/home/nvidia/MotorcarV1.1_ws/src/ROS2_ZLAC8015D_serial/src/Motorctl.cpp:[m[K In member function â€˜[01m[Kvoid ModeToZlac::ZLACoutput()[m[Kâ€™:
[01m[K/home/nvidia/MotorcarV1.1_ws/src/ROS2_ZLAC8015D_serial/src/Motorctl.cpp:206:7:[m[K [01;31m[Kerror: [m[Kâ€˜[01m[KrpmF[m[Kâ€™ was not declared in this scope; did you mean â€˜[01m[KrpmFR[m[Kâ€™?
  206 |       [01;31m[KrpmF[m[K = motorF_.get_rpm();
      |       [01;31m[K^~~~[m[K
      |       [32m[KrpmFR[m[K
[01m[K/home/nvidia/MotorcarV1.1_ws/src/ROS2_ZLAC8015D_serial/src/Motorctl.cpp:218:7:[m[K [01;31m[Kerror: [m[Kâ€˜[01m[KrpmR[m[Kâ€™ was not declared in this scope; did you mean â€˜[01m[KrpmRR[m[Kâ€™?
  218 |       [01;31m[KrpmR[m[K = motorR_.get_rpm();
      |       [01;31m[K^~~~[m[K
      |       [32m[KrpmRR[m[K
gmake[2]: *** [CMakeFiles/Motorctl.dir/build.make:76: CMakeFiles/Motorctl.dir/src/Motorctl.cpp.o] Error 1
gmake[1]: *** [CMakeFiles/Makefile2:197: CMakeFiles/Motorctl.dir/all] Error 2
gmake: *** [Makefile:146: all] Error 2
